<?xml version="1.0" encoding="UTF-8"?>
<testng-results ignored="0" total="2" passed="2" failed="0" skipped="0">
  <reporter-output>
  </reporter-output>
  <suite started-at="2023-03-22T21:17:25 PST" name="Suite" finished-at="2023-03-22T21:17:33 PST" duration-ms="8687">
    <groups>
    </groups>
    <test started-at="2023-03-22T21:17:25 PST" name="TestNg" finished-at="2023-03-22T21:17:33 PST" duration-ms="8687">
      <class name="qa.Test.testCase1">
        <test-method is-config="true" signature="mainBeforeTestMethod(java.lang.String)[pri:0, instance:qa.Test.testCase1@2ddc9a9f]" started-at="2023-03-22T21:17:25 PST" name="mainBeforeTestMethod" finished-at="2023-03-22T21:17:29 PST" duration-ms="4679" status="PASS">
          <params>
            <param index="0">
              <value>
                <![CDATA[edge]]>
              </value>
            </param>
          </params>
          <reporter-output>
          </reporter-output>
        </test-method> <!-- mainBeforeTestMethod -->
        <test-method is-config="true" signature="beforeMethod(java.lang.reflect.Method)[pri:0, instance:qa.Test.testCase1@2ddc9a9f]" started-at="2023-03-22T21:17:29 PST" name="beforeMethod" finished-at="2023-03-22T21:17:29 PST" duration-ms="14" status="PASS">
          <params>
            <param index="0">
              <value>
                <![CDATA[public void qa.Test.testCase1.sample()]]>
              </value>
            </param>
          </params>
          <reporter-output>
          </reporter-output>
        </test-method> <!-- beforeMethod -->
        <test-method signature="sample()[pri:0, instance:qa.Test.testCase1@2ddc9a9f]" started-at="2023-03-22T21:17:29 PST" name="sample" finished-at="2023-03-22T21:17:31 PST" duration-ms="1787" status="PASS">
          <reporter-output>
          </reporter-output>
        </test-method> <!-- sample -->
        <test-method is-config="true" signature="afterMethod(org.testng.ITestResult)[pri:0, instance:qa.Test.testCase1@2ddc9a9f]" started-at="2023-03-22T21:17:32 PST" name="afterMethod" finished-at="2023-03-22T21:17:32 PST" duration-ms="7" status="PASS">
          <params>
            <param index="0">
              <value>
                <![CDATA[[TestResult name=sample status=SUCCESS method=testCase1.sample()[pri:0, instance:qa.Test.testCase1@2ddc9a9f] output={null}]]]>
              </value>
            </param>
          </params>
          <reporter-output>
          </reporter-output>
        </test-method> <!-- afterMethod -->
        <test-method is-config="true" signature="beforeMethod(java.lang.reflect.Method)[pri:0, instance:qa.Test.testCase1@2ddc9a9f]" started-at="2023-03-22T21:17:32 PST" name="beforeMethod" finished-at="2023-03-22T21:17:32 PST" duration-ms="1" status="PASS">
          <params>
            <param index="0">
              <value>
                <![CDATA[public void qa.Test.testCase1.sample2()]]>
              </value>
            </param>
          </params>
          <reporter-output>
          </reporter-output>
        </test-method> <!-- beforeMethod -->
        <test-method signature="sample2()[pri:1, instance:qa.Test.testCase1@2ddc9a9f]" started-at="2023-03-22T21:17:32 PST" name="sample2" finished-at="2023-03-22T21:17:32 PST" duration-ms="135" status="PASS">
          <reporter-output>
          </reporter-output>
        </test-method> <!-- sample2 -->
        <test-method is-config="true" signature="afterMethod(org.testng.ITestResult)[pri:0, instance:qa.Test.testCase1@2ddc9a9f]" started-at="2023-03-22T21:17:32 PST" name="afterMethod" finished-at="2023-03-22T21:17:32 PST" duration-ms="1" status="PASS">
          <params>
            <param index="0">
              <value>
                <![CDATA[[TestResult name=sample2 status=SUCCESS method=testCase1.sample2()[pri:1, instance:qa.Test.testCase1@2ddc9a9f] output={null}]]]>
              </value>
            </param>
          </params>
          <reporter-output>
          </reporter-output>
        </test-method> <!-- afterMethod -->
        <test-method is-config="true" signature="afterTest()[pri:0, instance:qa.Test.testCase1@2ddc9a9f]" started-at="2023-03-22T21:17:32 PST" name="afterTest" finished-at="2023-03-22T21:17:33 PST" duration-ms="1344" status="PASS">
          <reporter-output>
          </reporter-output>
        </test-method> <!-- afterTest -->
      </class> <!-- qa.Test.testCase1 -->
    </test> <!-- TestNg -->
  </suite> <!-- Suite -->
</testng-results>
